<?xml version="1.0" encoding="UTF-8"?>
<!-- Generated by org.testng.reporters.JUnitReportReporter -->
<testsuite hostname="LAPTOP-DU46RA1P" failures="0" tests="1" name="LoginPagePractice" time="8.377" errors="0" timestamp="2023-07-04T22:17:39 IST" skipped="0">
  <testcase classname="LoginPagePractice" name="PageExecution" time="8.377"/>
  <system-out/>
</testsuite> <!-- LoginPagePractice -->
