<?xml version="1.0" encoding="UTF-8"?>
<!-- Generated by org.testng.reporters.JUnitReportReporter -->
<testsuite hostname="LAPTOP-DU46RA1P" failures="0" tests="2" name="AngularPracticeAutomationPracticePage" time="5.954" errors="0" timestamp="2023-07-02T23:12:47 IST" skipped="0">
  <testcase classname="AngularPracticeAutomationPracticePage" name="Selenium4RelativeLocatorAction" time="0.919"/>
  <system-out/>
  <testcase classname="AngularPracticeAutomationPracticePage" name="Execution" time="5.035"/>
  <system-out/>
</testsuite> <!-- AngularPracticeAutomationPracticePage -->
