<?xml version="1.0" encoding="UTF-8"?>
<!-- Generated by org.testng.reporters.JUnitReportReporter -->
<testsuite hostname="LAPTOP-DU46RA1P" failures="0" tests="1" name="LocatorsAutomationPracticePage" time="4.153" errors="0" timestamp="2023-07-04T22:47:03 IST" skipped="0">
  <testcase classname="LocatorsAutomationPracticePage" name="pageExecution" time="4.153"/>
  <system-out/>
</testsuite> <!-- LocatorsAutomationPracticePage -->
