<?xml version="1.0" encoding="UTF-8"?>
<!-- Generated by org.testng.reporters.JUnitReportReporter -->
<testsuite hostname="LAPTOP-DU46RA1P" failures="0" tests="1" name="FlightBookingPractice" time="9.703" errors="0" timestamp="2023-07-04T22:44:11 IST" skipped="0">
  <testcase classname="FlightBookingPractice" name="PageExecution" time="9.703"/>
  <system-out/>
</testsuite> <!-- FlightBookingPractice -->
