<?xml version="1.0" encoding="UTF-8"?>
<!-- Generated by org.testng.reporters.JUnitReportReporter -->
<testsuite hostname="LAPTOP-DU46RA1P" failures="0" tests="3" name="GreenKartAutomationPracticePage" time="15.108" errors="0" timestamp="2023-07-02T16:17:58 IST" skipped="0">
  <testcase classname="GreenKartAutomationPracticePage" name="CollectionVeggiesList" time="7.732"/>
  <system-out/>
  <testcase classname="GreenKartAutomationPracticePage" name="TopDeals" time="7.195"/>
  <system-out/>
  <testcase classname="GreenKartAutomationPracticePage" name="SearchTable" time="0.181"/>
  <system-out/>
</testsuite> <!-- GreenKartAutomationPracticePage -->
