<?xml version="1.0" encoding="UTF-8"?>
<!-- Generated by org.testng.reporters.JUnitReportReporter -->
<testsuite hostname="LAPTOP-DU46RA1P" failures="0" tests="8" name="AutomationPractice" time="31.194" errors="0" timestamp="2023-07-01T19:30:06 IST" skipped="0">
  <testcase classname="AutomationPractice" name="RadioButton" time="0.355"/>
  <system-out/>
  <testcase classname="AutomationPractice" name="SuggessionClass" time="2.680"/>
  <system-out/>
  <testcase classname="AutomationPractice" name="Dropdown" time="0.432"/>
  <system-out/>
  <testcase classname="AutomationPractice" name="Checkbox" time="0.891"/>
  <system-out/>
  <testcase classname="AutomationPractice" name="SwitchToAlert" time="0.744"/>
  <system-out/>
  <testcase classname="AutomationPractice" name="WebTable" time="0.450"/>
  <system-out/>
  <testcase classname="AutomationPractice" name="Scrolling" time="3.652"/>
  <system-out/>
  <testcase classname="AutomationPractice" name="LinksCount" time="21.990"/>
  <system-out/>
</testsuite> <!-- AutomationPractice -->
